TN:
SF:src/components/atoms/Button/index.tsx
FN:8,(anonymous_0)
FNF:1
FNH:1
FNDA:7,(anonymous_0)
DA:8,5
DA:9,7
LF:2
LH:2
BRF:0
BRH:0
end_of_record
TN:
SF:src/components/pages/Home/index.tsx
FN:4,(anonymous_0)
FNF:1
FNH:1
FNDA:1,(anonymous_0)
DA:4,4
DA:5,1
DA:6,1
LF:3
LH:3
BRF:0
BRH:0
end_of_record
TN:
SF:src/components/pages/Login/index.tsx
FN:8,(anonymous_0)
FN:9,(anonymous_1)
FN:11,handleLogin
FNF:3
FNH:3
FNDA:5,(anonymous_0)
FNDA:7,(anonymous_1)
FNDA:1,handleLogin
DA:8,4
DA:9,7
DA:12,1
DA:15,5
LF:4
LH:4
BRF:0
BRH:0
end_of_record
TN:
SF:src/components/pages/RecoverPassword/index.tsx
FN:6,(anonymous_0)
FNF:1
FNH:1
FNDA:1,(anonymous_0)
DA:6,4
DA:7,1
LF:2
LH:2
BRF:0
BRH:0
end_of_record
TN:
SF:src/components/pages/RecoverRegister/index.tsx
FN:6,(anonymous_0)
FNF:1
FNH:0
FNDA:0,(anonymous_0)
DA:6,4
DA:7,0
LF:2
LH:1
BRF:0
BRH:0
end_of_record
TN:
SF:src/routes/index.tsx
FN:6,AppRoutes
FNF:1
FNH:1
FNDA:1,AppRoutes
DA:2,1
DA:7,1
LF:2
LH:2
BRF:0
BRH:0
end_of_record
TN:
SF:src/routes/Auth/index.tsx
FN:11,AuthRoutes
FNF:1
FNH:1
FNDA:1,AuthRoutes
DA:3,1
DA:12,1
LF:2
LH:2
BRF:0
BRH:0
end_of_record
TN:
SF:src/routes/Home/intex.tsx
FN:7,AuthRoutes
FNF:1
FNH:0
FNDA:0,AuthRoutes
DA:3,0
DA:8,0
LF:2
LH:0
BRF:0
BRH:0
end_of_record
